
Showing logs for build [32mcb-kubecd-environment-pr-167-69-bvw7g-1[0m stage [32mfrom-build-pack[0m and container [32mstep-credential-initializer-kdqdt[0m
{"level":"warn","ts":1582851579.3528476,"logger":"fallback-logger","caller":"logging/config.go:69","msg":"Fetch GitHub commit ID from kodata failed: \"ref: refs/heads/0.8.0-**-support-backwards-incompats\" is not a valid GitHub commit ID"}
{"level":"info","ts":1582851579.35358,"logger":"fallback-logger","caller":"creds-init/main.go:40","msg":"Credentials initialized."}

Showing logs for build [32mcb-kubecd-environment-pr-167-69-bvw7g-1[0m stage [32mfrom-build-pack[0m and container [32mstep-working-dir-initializer-wwxs5[0m
{"level":"warn","ts":1582851580.3709416,"logger":"fallback-logger","caller":"logging/config.go:69","msg":"Fetch GitHub commit ID from kodata failed: open /var/run/ko/HEAD: no such file or directory"}
{"level":"info","ts":1582851580.3728123,"logger":"fallback-logger","caller":"bash/main.go:64","msg":"Successfully executed command \"sh -c mkdir -p /workspace/source\"; output "}

Showing logs for build [32mcb-kubecd-environment-pr-167-69-bvw7g-1[0m stage [32mfrom-build-pack[0m and container [32mstep-place-tools[0m

Showing logs for build [32mcb-kubecd-environment-pr-167-69-bvw7g-1[0m stage [32mfrom-build-pack[0m and container [32mstep-git-source-cb-kubecd-environment-pr-167-69-bvw7g-g44zm[0m
{"level":"warn","ts":1582851583.4931653,"logger":"fallback-logger","caller":"logging/config.go:69","msg":"Fetch GitHub commit ID from kodata failed: \"ref: refs/heads/0.8.0-**-support-backwards-incompats\" is not a valid GitHub commit ID"}
{"level":"info","ts":1582851584.5377357,"logger":"fallback-logger","caller":"git/git.go:103","msg":"Successfully cloned https://github.com/cb-kubecd/environment-pr-167-69-gke-upgrade-production.git @ master in path /workspace/source"}

Showing logs for build [32mcb-kubecd-environment-pr-167-69-bvw7g-1[0m stage [32mfrom-build-pack[0m and container [32mstep-git-merge[0m
Using SHAs from PULL_REFS=master:0139b337ca8fc87e01482080e0f79ab7e2af5188,1:c736acfa3a82935ce2d9efae6cddcb9e0a52fbe0
DEBUG: LC_ALL=C JX_LOG_LEVEL=error git fetch origin --unshallow c736acfa3a82935ce2d9efae6cddcb9e0a52fbe0: 0139b337ca8fc87e01482080e0f79ab7e2af5188:
DEBUG: ran git fetch --unshallow origin c736acfa3a82935ce2d9efae6cddcb9e0a52fbe0: 0139b337ca8fc87e01482080e0f79ab7e2af5188: in 
DEBUG: LC_ALL=C JX_LOG_LEVEL=error git branch
DEBUG: LC_ALL=C JX_LOG_LEVEL=error git checkout master
DEBUG: ran git checkout master in 
DEBUG: LC_ALL=C JX_LOG_LEVEL=error git reset --hard 0139b337ca8fc87e01482080e0f79ab7e2af5188
DEBUG: ran git reset --hard 0139b337ca8fc87e01482080e0f79ab7e2af5188 in 
DEBUG: LC_ALL=C JX_LOG_LEVEL=error git clean -fd .
DEBUG: ran clean --force -d . in 
DEBUG: LC_ALL=C JX_LOG_LEVEL=error git merge c736acfa3a82935ce2d9efae6cddcb9e0a52fbe0
DEBUG: ran git merge c736acfa3a82935ce2d9efae6cddcb9e0a52fbe0 in 
DEBUG: LC_ALL=C JX_LOG_LEVEL=error git log --format=%H%x1f%an%x1f%ae%x1f%cn%x1f%ce%x1f%s%n%b%x1e 0139b337ca8fc87e01482080e0f79ab7e2af5188..HEAD
Merged SHA c736acfa3a82935ce2d9efae6cddcb9e0a52fbe0 with commit message 'chore: Promote bdd-spring-1582850222 to version 0.0.1' into base branch master

Showing logs for build [32mcb-kubecd-environment-pr-167-69-bvw7g-1[0m stage [32mfrom-build-pack[0m and container [32mstep-build-helm-build[0m
WARNING: No $CHART_REPOSITORY defined so using the default value of: http://jenkins-x-chartmuseum:8080
Adding missing Helm repo: storage.googleapis.com https://storage.googleapis.com/chartmuseum.jenkins-x.io
WARNING: No secrets found on "helm/repos" due: reading the secret "helm/repos" from vault: no secret "helm/repos" not found in vault
Read credentials for https://storage.googleapis.com/chartmuseum.jenkins-x.io from vault helm/repos
Successfully added Helm repository storage.googleapis.com.
Adding missing Helm repo: jenkins-x-chartmuseum http://jenkins-x-chartmuseum:8080
WARNING: No secrets found on "helm/repos" due: reading the secret "helm/repos" from vault: no secret "helm/repos" not found in vault
Read credentials for http://jenkins-x-chartmuseum:8080 from vault helm/repos
Successfully added Helm repository jenkins-x-chartmuseum.
WARNING: No $CHART_REPOSITORY defined so using the default value of: http://jenkins-x-chartmuseum:8080
Adding missing Helm repo: chartmuseum.jenkins-x.io http://chartmuseum.jenkins-x.io
WARNING: No secrets found on "helm/repos" due: reading the secret "helm/repos" from vault: no secret "helm/repos" not found in vault
Read credentials for http://chartmuseum.jenkins-x.io from vault helm/repos
Successfully added Helm repository chartmuseum.jenkins-x.io.
